2019-10-07 12:08:46.305 [main] ERROR korolenko.matrixthreads.service.input.FileDataReader - error of reading from filedata/matri.txt
java.nio.file.NoSuchFileException: data\matri.txt
	at sun.nio.fs.WindowsException.translateToIOException(WindowsException.java:79) ~[?:1.8.0_211]
	at sun.nio.fs.WindowsException.rethrowAsIOException(WindowsException.java:97) ~[?:1.8.0_211]
	at sun.nio.fs.WindowsException.rethrowAsIOException(WindowsException.java:102) ~[?:1.8.0_211]
	at sun.nio.fs.WindowsFileSystemProvider.newByteChannel(WindowsFileSystemProvider.java:230) ~[?:1.8.0_211]
	at java.nio.file.Files.newByteChannel(Files.java:361) ~[?:1.8.0_211]
	at java.nio.file.Files.newByteChannel(Files.java:407) ~[?:1.8.0_211]
	at java.nio.file.spi.FileSystemProvider.newInputStream(FileSystemProvider.java:384) ~[?:1.8.0_211]
	at java.nio.file.Files.newInputStream(Files.java:152) ~[?:1.8.0_211]
	at java.nio.file.Files.newBufferedReader(Files.java:2784) ~[?:1.8.0_211]
	at java.nio.file.Files.lines(Files.java:3744) ~[?:1.8.0_211]
	at java.nio.file.Files.lines(Files.java:3785) ~[?:1.8.0_211]
	at by.korolenko.matrixthreads.service.input.FileDataReader.readData(FileDataReader.java:35) [classes/:?]
	at by.korolenko.matrixthreads.service.impl.StorageServiceImpl.createMatrix(StorageServiceImpl.java:54) [classes/:?]
	at by.korolenko.matrixthreads.service.impl.StorageServiceImpl.createStorage(StorageServiceImpl.java:34) [classes/:?]
	at by.korolenko.matrixthreads.controller.command.impl.CreateStorage.execute(CreateStorage.java:23) [classes/:?]
	at by.korolenko.matrixthreads.controller.Controller.executeRequest(Controller.java:35) [classes/:?]
	at by.korolenko.matrixthreads.view.Menu.start(Menu.java:28) [classes/:?]
	at by.korolenko.matrixthreads.controller.Controller.main(Controller.java:49) [classes/:?]
2019-10-07 12:13:14.532 [main] ERROR korolenko.matrixthreads.service.input.FileDataReader - error of reading from file: data/matri.txt
java.nio.file.NoSuchFileException: data\matri.txt
	at sun.nio.fs.WindowsException.translateToIOException(WindowsException.java:79) ~[?:1.8.0_211]
	at sun.nio.fs.WindowsException.rethrowAsIOException(WindowsException.java:97) ~[?:1.8.0_211]
	at sun.nio.fs.WindowsException.rethrowAsIOException(WindowsException.java:102) ~[?:1.8.0_211]
	at sun.nio.fs.WindowsFileSystemProvider.newByteChannel(WindowsFileSystemProvider.java:230) ~[?:1.8.0_211]
	at java.nio.file.Files.newByteChannel(Files.java:361) ~[?:1.8.0_211]
	at java.nio.file.Files.newByteChannel(Files.java:407) ~[?:1.8.0_211]
	at java.nio.file.spi.FileSystemProvider.newInputStream(FileSystemProvider.java:384) ~[?:1.8.0_211]
	at java.nio.file.Files.newInputStream(Files.java:152) ~[?:1.8.0_211]
	at java.nio.file.Files.newBufferedReader(Files.java:2784) ~[?:1.8.0_211]
	at java.nio.file.Files.lines(Files.java:3744) ~[?:1.8.0_211]
	at java.nio.file.Files.lines(Files.java:3785) ~[?:1.8.0_211]
	at by.korolenko.matrixthreads.service.input.FileDataReader.readData(FileDataReader.java:35) [classes/:?]
	at by.korolenko.matrixthreads.service.impl.StorageServiceImpl.createMatrix(StorageServiceImpl.java:54) [classes/:?]
	at by.korolenko.matrixthreads.service.impl.StorageServiceImpl.createStorage(StorageServiceImpl.java:34) [classes/:?]
	at by.korolenko.matrixthreads.controller.command.impl.CreateStorage.execute(CreateStorage.java:23) [classes/:?]
	at by.korolenko.matrixthreads.controller.Controller.executeRequest(Controller.java:35) [classes/:?]
	at by.korolenko.matrixthreads.view.Menu.start(Menu.java:28) [classes/:?]
	at by.korolenko.matrixthreads.controller.Controller.main(Controller.java:49) [classes/:?]
2019-10-07 12:13:42.452 [main] ERROR korolenko.matrixthreads.service.input.FileDataReader - error of reading from file: data/number.txt
java.nio.file.NoSuchFileException: data\number.txt
	at sun.nio.fs.WindowsException.translateToIOException(WindowsException.java:79) ~[?:1.8.0_211]
	at sun.nio.fs.WindowsException.rethrowAsIOException(WindowsException.java:97) ~[?:1.8.0_211]
	at sun.nio.fs.WindowsException.rethrowAsIOException(WindowsException.java:102) ~[?:1.8.0_211]
	at sun.nio.fs.WindowsFileSystemProvider.newByteChannel(WindowsFileSystemProvider.java:230) ~[?:1.8.0_211]
	at java.nio.file.Files.newByteChannel(Files.java:361) ~[?:1.8.0_211]
	at java.nio.file.Files.newByteChannel(Files.java:407) ~[?:1.8.0_211]
	at java.nio.file.spi.FileSystemProvider.newInputStream(FileSystemProvider.java:384) ~[?:1.8.0_211]
	at java.nio.file.Files.newInputStream(Files.java:152) ~[?:1.8.0_211]
	at java.nio.file.Files.newBufferedReader(Files.java:2784) ~[?:1.8.0_211]
	at java.nio.file.Files.lines(Files.java:3744) ~[?:1.8.0_211]
	at java.nio.file.Files.lines(Files.java:3785) ~[?:1.8.0_211]
	at by.korolenko.matrixthreads.service.input.FileDataReader.readData(FileDataReader.java:35) [classes/:?]
	at by.korolenko.matrixthreads.service.impl.StorageServiceImpl.createNumbers(StorageServiceImpl.java:83) [classes/:?]
	at by.korolenko.matrixthreads.service.impl.StorageServiceImpl.createStorage(StorageServiceImpl.java:35) [classes/:?]
	at by.korolenko.matrixthreads.controller.command.impl.CreateStorage.execute(CreateStorage.java:23) [classes/:?]
	at by.korolenko.matrixthreads.controller.Controller.executeRequest(Controller.java:35) [classes/:?]
	at by.korolenko.matrixthreads.view.Menu.start(Menu.java:28) [classes/:?]
	at by.korolenko.matrixthreads.controller.Controller.main(Controller.java:49) [classes/:?]
